<?xml version='1.0' encoding='UTF-8'?>
<testsuite hostname="MIRGEBAYEV" name="FullTestKitExampleSpec" tests="4" errors="0" failures="0" skipped="0" time="0.236" timestamp="2019-12-23T15:32:28">
                     <properties>
[...]
</properties>
                     <testcase classname="FullTestKitExampleSpec" name="The service should return a greeting for GET requests to the root path" time="0.159">
                                                 
                                               </testcase><testcase classname="FullTestKitExampleSpec" name="The service should return a 'PONG!' response for GET requests to /ping" time="0.003">
                                                 
                                               </testcase><testcase classname="FullTestKitExampleSpec" name="The service should leave GET requests to other paths unhandled" time="0.02">
                                                 
                                               </testcase><testcase classname="FullTestKitExampleSpec" name="The service should return a MethodNotAllowed error for PUT requests to the root path" time="0.054">
                                                 
                                               </testcase>
                     <system-out><![CDATA[]]></system-out>
                     <system-err><![CDATA[]]></system-err>
                   </testsuite>